<?xml version="1.0" encoding="UTF-8"?>
<!-- Generated by org.testng.reporters.JUnitReportReporter -->
<testsuite hostname="HP" failures="0" tests="4" name="EaseTrip.testing" time="89.473" errors="0" timestamp="2022-03-20T14:08:31 IST" skipped="0">
  <testcase classname="EaseTrip.testing" name="Hotelicon" time="29.216"/>
  <system-out/>
  <testcase classname="EaseTrip.testing" name="invaliddate" time="21.108"/>
  <system-out/>
  <testcase classname="EaseTrip.testing" name="RemoveRoom" time="24.742"/>
  <system-out/>
  <testcase classname="EaseTrip.testing" name="all_filters" time="14.407"/>
  <system-out/>
</testsuite> <!-- EaseTrip.testing -->
